<?xml version="1.0" encoding="UTF-8"?>
<!-- Generated by org.testng.reporters.JUnitXMLReporter -->
<testsuite hostname="INMAAWN53000190" ignored="0" name="Test" tests="5" failures="0" timestamp="03 Jan 2021 03:47:07 GMT" time="0.494" errors="0">
  <testcase name="test1" time="0.043" classname="com.dataprovider.latest.DataProviderAdvanced"/>
  <testcase name="test1" time="0.001" classname="com.dataprovider.latest.DataProviderAdvanced"/>
  <testcase name="test1" time="0.001" classname="com.dataprovider.latest.DataProviderAdvanced"/>
  <testcase name="test2" time="0.001" classname="com.dataprovider.latest.DataProviderAdvanced"/>
  <testcase name="test2" time="0.001" classname="com.dataprovider.latest.DataProviderAdvanced"/>
</testsuite> <!-- Test -->
