<?xml version="1.0" encoding="UTF-8"?>
<testng-results skipped="0" failed="0" ignored="0" total="5" passed="5">
  <reporter-output>
  </reporter-output>
  <suite name="Suite" duration-ms="494" started-at="2021-01-03T03:47:06Z" finished-at="2021-01-03T03:47:06Z">
    <groups>
    </groups>
    <test name="Test" duration-ms="494" started-at="2021-01-03T03:47:06Z" finished-at="2021-01-03T03:47:06Z">
      <class name="com.dataprovider.latest.DataProviderAdvanced">
        <test-method status="PASS" signature="test1(java.util.Map)[pri:0, instance:com.dataprovider.latest.DataProviderAdvanced@4dfa3a9d]" name="test1" duration-ms="43" started-at="2021-01-03T03:47:06Z" data-provider="getData" finished-at="2021-01-03T03:47:06Z">
          <params>
            <param index="0">
              <value>
                <![CDATA[{password=123acd, testname=test1, username=abcd}]]>
              </value>
            </param>
          </params>
          <reporter-output>
          </reporter-output>
        </test-method> <!-- test1 -->
        <test-method status="PASS" signature="test1(java.util.Map)[pri:0, instance:com.dataprovider.latest.DataProviderAdvanced@4dfa3a9d]" name="test1" duration-ms="1" started-at="2021-01-03T03:47:06Z" data-provider="getData" finished-at="2021-01-03T03:47:06Z">
          <params>
            <param index="0">
              <value>
                <![CDATA[{password=sfdcs, testname=test1, username=edfg}]]>
              </value>
            </param>
          </params>
          <reporter-output>
          </reporter-output>
        </test-method> <!-- test1 -->
        <test-method status="PASS" signature="test1(java.util.Map)[pri:0, instance:com.dataprovider.latest.DataProviderAdvanced@4dfa3a9d]" name="test1" duration-ms="1" started-at="2021-01-03T03:47:06Z" data-provider="getData" finished-at="2021-01-03T03:47:06Z">
          <params>
            <param index="0">
              <value>
                <![CDATA[{password=lsndc, testname=test1, username=scjdnc}]]>
              </value>
            </param>
          </params>
          <reporter-output>
          </reporter-output>
        </test-method> <!-- test1 -->
        <test-method status="PASS" signature="test2(java.util.Map)[pri:0, instance:com.dataprovider.latest.DataProviderAdvanced@4dfa3a9d]" name="test2" duration-ms="1" started-at="2021-01-03T03:47:06Z" data-provider="getData" finished-at="2021-01-03T03:47:06Z">
          <params>
            <param index="0">
              <value>
                <![CDATA[{password=sdcslk, testname=test2, username=cdckd}]]>
              </value>
            </param>
          </params>
          <reporter-output>
          </reporter-output>
        </test-method> <!-- test2 -->
        <test-method status="PASS" signature="test2(java.util.Map)[pri:0, instance:com.dataprovider.latest.DataProviderAdvanced@4dfa3a9d]" name="test2" duration-ms="1" started-at="2021-01-03T03:47:06Z" data-provider="getData" finished-at="2021-01-03T03:47:06Z">
          <params>
            <param index="0">
              <value>
                <![CDATA[{password=jnlnl, testname=test2, username=sdjkvn}]]>
              </value>
            </param>
          </params>
          <reporter-output>
          </reporter-output>
        </test-method> <!-- test2 -->
      </class> <!-- com.dataprovider.latest.DataProviderAdvanced -->
    </test> <!-- Test -->
  </suite> <!-- Suite -->
</testng-results>
